<?xml version="1.0" encoding="UTF-8"?>
<testng-results ignored="0" total="1" passed="1" failed="0" skipped="0">
  <reporter-output>
  </reporter-output>
  <suite started-at="2021-05-22T21:12:33 IST" name="Default suite" finished-at="2021-05-22T21:12:56 IST" duration-ms="23579">
    <groups>
    </groups>
    <test started-at="2021-05-22T21:12:33 IST" name="Default test" finished-at="2021-05-22T21:12:56 IST" duration-ms="23579">
      <class name="com.Netcore.testscripts.IphonesSearch">
        <test-method is-config="true" signature="launchBrowser()[pri:0, instance:com.Netcore.testscripts.IphonesSearch@5fbdfdcf]" started-at="2021-05-22T21:12:33 IST" name="launchBrowser" finished-at="2021-05-22T21:12:49 IST" duration-ms="16442" status="PASS">
          <reporter-output>
          </reporter-output>
        </test-method> <!-- launchBrowser -->
        <test-method signature="iphonessearch()[pri:0, instance:com.Netcore.testscripts.IphonesSearch@5fbdfdcf]" started-at="2021-05-22T21:12:49 IST" name="iphonessearch" finished-at="2021-05-22T21:12:56 IST" duration-ms="7086" status="PASS">
          <reporter-output>
          </reporter-output>
        </test-method> <!-- iphonessearch -->
      </class> <!-- com.Netcore.testscripts.IphonesSearch -->
    </test> <!-- Default test -->
  </suite> <!-- Default suite -->
</testng-results>
